#-----------------------------------------------------------
# Vivado v2019.2 (64-bit)
# SW Build 2708876 on Wed Nov  6 21:40:23 MST 2019
# IP Build 2700528 on Thu Nov  7 00:09:20 MST 2019
# Start of session at: Wed May 15 22:44:09 2024
# Process ID: 19016
# Current directory: C:/Different/SRIP_2024/Photonics lab/OneDrive_2024-05-15/Lock-in amplifier/FINAL_XADC
# Command line: vivado.exe -gui_launcher_event rodinguilauncherevent16340 C:\Different\SRIP_2024\Photonics lab\OneDrive_2024-05-15\Lock-in amplifier\FINAL_XADC\FINAL_XADC.xpr
# Log file: C:/Different/SRIP_2024/Photonics lab/OneDrive_2024-05-15/Lock-in amplifier/FINAL_XADC/vivado.log
# Journal file: C:/Different/SRIP_2024/Photonics lab/OneDrive_2024-05-15/Lock-in amplifier/FINAL_XADC\vivado.jou
#-----------------------------------------------------------
start_gui
open_project {C:/Different/SRIP_2024/Photonics lab/OneDrive_2024-05-15/Lock-in amplifier/FINAL_XADC/FINAL_XADC.xpr}
INFO: [ProjectBase 1-489] The host OS only allows 260 characters in a normal path. The project is stored in a path with more than 80 characters. If you experience issues with IP, Block Designs, or files not being found, please consider moving the project to a location with a shorter path. Alternately consider using the OS subst command to map part of the path to a drive letter.
Current project path is 'C:/Different/SRIP_2024/Photonics lab/OneDrive_2024-05-15/Lock-in amplifier/FINAL_XADC'
INFO: [Project 1-313] Project file moved from 'C:/Users/rawan/FINAL_XADC' since last save.
ERROR: [Project 1-208] No val for DA Elab Attr
ERROR: [Runs 36-378] The checkpoint 'C:/Different/SRIP_2024/Photonics lab/OneDrive_2024-05-15/Lock-in amplifier/FINAL_XADC/FINAL_XADC.srcs/utils_1/imports/synth_1/top_xadc.dcp' was created with 'Vivado v2022.2 (64-bit)', and cannot be opened in this version.
exit
INFO: [Common 17-206] Exiting Vivado at Wed May 15 22:45:46 2024...
